<?xml version="1.0" encoding="UTF-8"?>
<testsuite xmlns:xsi="http://www.w3.org/2001/XMLSchema-instance" xsi:noNamespaceSchemaLocation="https://maven.apache.org/surefire/maven-surefire-plugin/xsd/surefire-test-report.xsd" name="DataJuridica.TS01_BackEnd.Test_TC02_ValidarRegistro_NoEncontrado" time="0.966" tests="1" errors="0" skipped="0" failures="0">
  <properties>
[...]
</properties>
  <testcase name="test" classname="DataJuridica.TS01_BackEnd.Test_TC02_ValidarRegistro_NoEncontrado" time="0.966"/>
</testsuite>